2024-02-22 08:23:21,034 - INFO - Starting hyperparams experiments - total number of experiments: 1
2024-02-22 08:23:21,037 - INFO - Starting Experiment #1
2024-02-22 08:23:22,232 - INFO - Initialized Trainer with params: epochs=25, batch size=32,  validation=0.2,
    optimizer=Adam, learning rate=0.005 ,       regularization lambda=0.005, 
        dropout=0, early stopping=False
2024-02-22 08:23:27,453 - INFO - Start Training Loop for 25 epochs, with batches of size 32
2024-02-22 08:23:27,460 - INFO - Train Epoch #1
2024-02-22 08:23:43,598 - INFO - Train Epoch #2
2024-02-22 08:23:58,733 - INFO - Train Epoch #3
2024-02-22 08:24:14,197 - INFO - Train Epoch #4
2024-02-22 08:24:29,850 - INFO - Train Epoch #50.74
2024-02-22 08:24:45,615 - INFO - Train Epoch #6
2024-02-22 08:25:01,076 - INFO - Train Epoch #7
2024-02-22 08:25:16,285 - INFO - Train Epoch #8
2024-02-22 08:25:31,471 - INFO - Train Epoch #9
2024-02-22 08:25:46,654 - INFO - Train Epoch #10
2024-02-22 08:26:01,804 - INFO - Train Epoch #11
2024-02-22 08:26:16,960 - INFO - Train Epoch #12
2024-02-22 08:26:32,131 - INFO - Train Epoch #13
2024-02-22 08:26:47,256 - INFO - Train Epoch #14
2024-02-22 08:27:02,417 - INFO - Train Epoch #15
2024-02-22 08:27:17,536 - INFO - Train Epoch #16
2024-02-22 08:27:32,643 - INFO - Train Epoch #17
2024-02-22 08:27:47,747 - INFO - Train Epoch #18
2024-02-22 08:28:02,915 - INFO - Train Epoch #19
2024-02-22 08:28:18,112 - INFO - Train Epoch #20
2024-02-22 08:28:33,358 - INFO - Train Epoch #21
2024-02-22 08:28:48,337 - INFO - Train Epoch #22
2024-02-22 08:29:03,314 - INFO - Train Epoch #23
2024-02-22 08:29:18,315 - INFO - Train Epoch #24
2024-02-22 08:29:33,286 - INFO - Train Epoch #25
2024-02-22 08:29:48,248 - INFO - Finished Training after 25 epochs -- last validation accuracy= 0.7068452380952381
2024-02-22 08:29:50,423 - INFO - Start Testing over 1000 records
2024-02-22 08:36:10,642 - INFO - Finished Testing -- test accuracy= 0.707
2024-02-22 08:36:10,643 - INFO - Finished Experiment #1
2024-02-22 08:36:10,644 - INFO - Finished all experiments
2024-02-22 08:36:10,729 - INFO - Saved evaluation statistics to CSV
